# JRE version: OpenJDK Runtime Environment (17.0.10) (build 17.0.10+0--11572160)
# Java VM: OpenJDK 64-Bit Server VM (17.0.10+0--11572160, mixed mode, tiered, compressed oops, compressed class ptrs, g1 gc, windows-amd64)
GC Precious Log:
 CPUs: 4 total, 4 available
 Memory: 3522M
 Large Page Support: Disabled
 NUMA Support: Disabled
 Compressed Oops: Enabled (32-bit)
 Heap Region Size: 1M
 Heap Min Capacity: 8M
 Heap Initial Capacity: 56M
 Heap Max Capacity: 2G
 Pre-touch: Disabled
 Parallel Workers: 4
 Concurrent Workers: 1
 Concurrent Refinement Workers: 4
 Periodic GC: Disabled
Heap:
 garbage-first heap   total 273408K, used 177882K [0x0000000080000000, 0x0000000100000000)
  region size 1024K, 12 young (12288K), 2 survivors (2048K)
 Metaspace       used 123939K, committed 124736K, reserved 1179648K
  class space    used 16928K, committed 17280K, reserved 1048576K
GC Heap History (20 events):
Event: 293.329 GC heap before
{Heap before GC invocations=121 (full 0):
 garbage-first heap   total 227328K, used 186833K [0x0000000080000000, 0x0000000100000000)
  region size 1024K, 55 young (56320K), 9 survivors (9216K)
 Metaspace       used 116830K, committed 117632K, reserved 1179648K
  class space    used 15971K, committed 16320K, reserved 1048576K
}
Event: 293.414 GC heap after
{Heap after GC invocations=122 (full 0):
 garbage-first heap   total 227328K, used 147826K [0x0000000080000000, 0x0000000100000000)
  region size 1024K, 7 young (7168K), 7 survivors (7168K)
 Metaspace       used 116830K, committed 117632K, reserved 1179648K
  class space    used 15971K, committed 16320K, reserved 1048576K
}
Event: 295.322 GC heap before
{Heap before GC invocations=122 (full 0):
 garbage-first heap   total 227328K, used 188786K [0x0000000080000000, 0x0000000100000000)
  region size 1024K, 47 young (48128K), 7 survivors (7168K)
 Metaspace       used 117067K, committed 117888K, reserved 1179648K
  class space    used 16016K, committed 16384K, reserved 1048576K
}
Event: 295.355 GC heap after
{Heap after GC invocations=123 (full 0):
 garbage-first heap   total 227328K, used 154489K [0x0000000080000000, 0x0000000100000000)
  region size 1024K, 6 young (6144K), 6 survivors (6144K)
 Metaspace       used 117067K, committed 117888K, reserved 1179648K
  class space    used 16016K, committed 16384K, reserved 1048576K
}
Event: 296.162 GC heap before
{Heap before GC invocations=123 (full 0):
 garbage-first heap   total 227328K, used 190329K [0x0000000080000000, 0x0000000100000000)
  region size 1024K, 41 young (41984K), 6 survivors (6144K)
 Metaspace       used 117531K, committed 118336K, reserved 1179648K
  class space    used 16085K, committed 16448K, reserved 1048576K
}
Event: 296.192 GC heap after
{Heap after GC invocations=124 (full 0):
 garbage-first heap   total 273408K, used 161098K [0x0000000080000000, 0x0000000100000000)
  region size 1024K, 6 young (6144K), 6 survivors (6144K)
 Metaspace       used 117531K, committed 118336K, reserved 1179648K
  class space    used 16085K, committed 16448K, reserved 1048576K
}
Event: 300.811 GC heap before
{Heap before GC invocations=124 (full 0):
 garbage-first heap   total 273408K, used 221514K [0x0000000080000000, 0x0000000100000000)
  region size 1024K, 66 young (67584K), 6 survivors (6144K)
 Metaspace       used 120858K, committed 121664K, reserved 1179648K
  class space    used 16620K, committed 17024K, reserved 1048576K
}
Event: 300.847 GC heap after
{Heap after GC invocations=125 (full 0):
 garbage-first heap   total 273408K, used 166761K [0x0000000080000000, 0x0000000100000000)
  region size 1024K, 6 young (6144K), 6 survivors (6144K)
 Metaspace       used 120858K, committed 121664K, reserved 1179648K
  class space    used 16620K, committed 17024K, reserved 1048576K
}
Event: 305.385 GC heap before
{Heap before GC invocations=125 (full 0):
 garbage-first heap   total 273408K, used 226153K [0x0000000080000000, 0x0000000100000000)
  region size 1024K, 64 young (65536K), 6 survivors (6144K)
 Metaspace       used 122605K, committed 123392K, reserved 1179648K
  class space    used 16768K, committed 17152K, reserved 1048576K
}
Event: 305.414 GC heap after
{Heap after GC invocations=126 (full 0):
 garbage-first heap   total 273408K, used 167722K [0x0000000080000000, 0x0000000100000000)
  region size 1024K, 1 young (1024K), 1 survivors (1024K)
 Metaspace       used 122605K, committed 123392K, reserved 1179648K
  class space    used 16768K, committed 17152K, reserved 1048576K
}
Event: 307.916 GC heap before
{Heap before GC invocations=126 (full 0):
 garbage-first heap   total 273408K, used 227114K [0x0000000080000000, 0x0000000100000000)
  region size 1024K, 60 young (61440K), 1 survivors (1024K)
 Metaspace       used 122906K, committed 123712K, reserved 1179648K
  class space    used 16783K, committed 17152K, reserved 1048576K
}
Event: 307.925 GC heap after
{Heap after GC invocations=127 (full 0):
 garbage-first heap   total 273408K, used 167973K [0x0000000080000000, 0x0000000100000000)
  region size 1024K, 2 young (2048K), 2 survivors (2048K)
 Metaspace       used 122906K, committed 123712K, reserved 1179648K
  class space    used 16783K, committed 17152K, reserved 1048576K
}
Event: 309.611 GC heap before
{Heap before GC invocations=127 (full 0):
 garbage-first heap   total 273408K, used 230437K [0x0000000080000000, 0x0000000100000000)
  region size 1024K, 63 young (64512K), 2 survivors (2048K)
 Metaspace       used 123114K, committed 123840K, reserved 1179648K
  class space    used 16806K, committed 17152K, reserved 1048576K
}
Event: 309.623 GC heap after
{Heap after GC invocations=128 (full 0):
 garbage-first heap   total 273408K, used 167972K [0x0000000080000000, 0x0000000100000000)
  region size 1024K, 2 young (2048K), 2 survivors (2048K)
 Metaspace       used 123114K, committed 123840K, reserved 1179648K
  class space    used 16806K, committed 17152K, reserved 1048576K
}
Event: 310.542 GC heap before
{Heap before GC invocations=128 (full 0):
 garbage-first heap   total 273408K, used 232484K [0x0000000080000000, 0x0000000100000000)
  region size 1024K, 65 young (66560K), 2 survivors (2048K)
 Metaspace       used 123183K, committed 124032K, reserved 1179648K
  class space    used 16812K, committed 17216K, reserved 1048576K
}
Event: 310.555 GC heap after
{Heap after GC invocations=129 (full 0):
 garbage-first heap   total 273408K, used 169204K [0x0000000080000000, 0x0000000100000000)
  region size 1024K, 3 young (3072K), 3 survivors (3072K)
 Metaspace       used 123183K, committed 124032K, reserved 1179648K
  class space    used 16812K, committed 17216K, reserved 1048576K
}
Event: 311.914 GC heap before
{Heap before GC invocations=129 (full 0):
 garbage-first heap   total 273408K, used 234740K [0x0000000080000000, 0x0000000100000000)
  region size 1024K, 67 young (68608K), 3 survivors (3072K)
 Metaspace       used 123462K, committed 124288K, reserved 1179648K
  class space    used 16855K, committed 17216K, reserved 1048576K
}
Event: 311.923 GC heap after
{Heap after GC invocations=130 (full 0):
 garbage-first heap   total 273408K, used 168636K [0x0000000080000000, 0x0000000100000000)
  region size 1024K, 2 young (2048K), 2 survivors (2048K)
 Metaspace       used 123462K, committed 124288K, reserved 1179648K
  class space    used 16855K, committed 17216K, reserved 1048576K
}
Event: 313.661 GC heap before
{Heap before GC invocations=130 (full 0):
 garbage-first heap   total 273408K, used 235196K [0x0000000080000000, 0x0000000100000000)
  region size 1024K, 68 young (69632K), 2 survivors (2048K)
 Metaspace       used 123906K, committed 124736K, reserved 1179648K
  class space    used 16920K, committed 17280K, reserved 1048576K
}
Event: 313.705 GC heap after
{Heap after GC invocations=131 (full 0):
 garbage-first heap   total 273408K, used 168666K [0x0000000080000000, 0x0000000100000000)
  region size 1024K, 2 young (2048K), 2 survivors (2048K)
 Metaspace       used 123906K, committed 124736K, reserved 1179648K
  class space    used 16920K, committed 17280K, reserved 1048576K
}

